<?xml version="1.0" encoding="UTF-8"?>
<!-- Generated by org.testng.reporters.JUnitReportReporter -->
<testsuite skipped="0" hostname="MUM-45XF833" name="week6.day1.GetAllObjects" tests="1" failures="0" timestamp="2022-02-05T18:05:11 IST" time="2.569" errors="0">
  <testcase name="getObjects" time="2.569" classname="week6.day1.GetAllObjects"/>
  <system-out/>
</testsuite> <!-- week6.day1.GetAllObjects -->
