<?xml version="1.0" encoding="UTF-8"?>
<!-- Generated by org.testng.reporters.JUnitReportReporter -->
<testsuite skipped="0" hostname="MUM-45XF833" name="week6.day1.UpdateResource" tests="1" failures="0" timestamp="2022-02-05T18:05:11 IST" time="1.220" errors="0">
  <testcase name="updateTheResource" time="1.220" classname="week6.day1.UpdateResource"/>
  <system-out/>
</testsuite> <!-- week6.day1.UpdateResource -->
